
[1:36:32 PM] | User: chanmenme2 | Link: https://www.youtube.com/watch?v=6x_b11Kyrco&pp=ygUIbXIgYmVhc3Q%3D | Status: success
[2:05:34 PM] | User: chanmenme2 | Link: https://www.youtube.com/watch?v=kX3nB4PpJko&pp=ygUIbXIgYmVhc3Q%3D | Status: success
[2:05:50 PM] | User: chanmenme2 | Link: https://www.youtube.com/watch?v=vBpQ1SlfVtU&pp=ygUIbXIgYmVhc3Q%3D | Status: success
[2:06:06 PM] | User: chanmenme2 | Link: https://www.youtube.com/watch?v=NigrQ9UcJy4&pp=ygUIbXIgYmVhc3Q%3D | Status: success
[2:06:20 PM] | User: chanmenme2 | Link: https://www.youtube.com/watch?v=HBMmK1c44sE&pp=ygUIbXIgYmVhc3Q%3D | Status: success
[2:06:35 PM] | User: chanmenme2 | Link: https://www.youtube.com/watch?v=Ooke4YZv8Ts&pp=ygUIbXIgYmVhc3Q%3D | Status: success
[2:06:52 PM] | User: chanmenme2 | Link: https://www.youtube.com/watch?v=d1010B3sKNQ&pp=ygUIbXIgYmVhc3Q%3D | Status: success
[2:33:55 AM] | User: taqin2731 | Link: https://www.youtube.com/watch?v=UbWERZkX2Po | Status: success
[2:35:35 AM] | User: taqin2731 | Link: https://www.youtube.com/watch?v=5IZXUdAHClk | Status: success
[2:37:23 AM] | User: taqin2731 | Link: https://www.youtube.com/watch?v=lkot2OirLd0 | Status: success
[2:39:08 AM] | User: taqin2731 | Link: https://www.youtube.com/watch?v=AW3DlzCBnSw | Status: success
[2:40:52 AM] | User: taqin2731 | Link: https://www.youtube.com/watch?v=ijX90_ET_t0 | Status: success
[2:44:33 AM] | User: taqin2731 | Link: https://www.youtube.com/watch?v=8xaJJoaY8Ek | Status: success
[2:45:33 AM] | User: taqin2731 | Link: https://www.youtube.com/watch?v=3vrEFE6VZxI | Status: success
[2:46:35 AM] | User: taqin2731 | Link: https://www.youtube.com/watch?v=8NuLFdwizOo | Status: success
[2:47:43 AM] | User: taqin2731 | Link: https://www.youtube.com/watch?v=hg-ZpwhzwP4 | Status: success
[2:48:50 AM] | User: taqin2731 | Link: https://www.youtube.com/watch?v=lOKASgtr6kU | Status: success
[2:50:03 AM] | User: taqin2731 | Link: https://www.youtube.com/watch?v=DCd5S-iWFCg | Status: success
[2:51:17 AM] | User: taqin2731 | Link: https://www.youtube.com/watch?v=Fz5TjplLEbc | Status: success
[2:52:11 AM] | User: taqin2731 | Link: https://www.youtube.com/watch?v=Gyzmo8ZPp30 | Status: success
[2:53:19 AM] | User: taqin2731 | Link: https://www.youtube.com/watch?v=Rg6Q3YYMYao | Status: success
[2:54:28 AM] | User: taqin2731 | Link: https://www.youtube.com/watch?v=_YK9X0p5asY | Status: success
[2:55:28 AM] | User: taqin2731 | Link: https://www.youtube.com/watch?v=tS6xNBy2RQ0 | Status: success
[2:56:25 AM] | User: taqin2731 | Link: https://www.youtube.com/watch?v=bwcstIUKhLU | Status: success
[2:57:28 AM] | User: taqin2731 | Link: https://www.youtube.com/watch?v=5OkfGl587B0 | Status: success
[2:58:49 AM] | User: taqin2731 | Link: https://www.youtube.com/watch?v=xi1YS_HfNyY | Status: success
[3:00:04 AM] | User: taqin2731 | Link: https://www.youtube.com/watch?v=lvNqyo9lkVo | Status: success
[3:01:20 AM] | User: taqin2731 | Link: https://www.youtube.com/watch?v=pfoym-fN7VM | Status: success
[3:02:21 AM] | User: taqin2731 | Link: https://www.youtube.com/watch?v=UXD1nsdlzE4 | Status: success
[3:03:25 AM] | User: taqin2731 | Link: https://www.youtube.com/watch?v=LAFYdde2Z1s | Status: success
[3:04:55 AM] | User: taqin2731 | Link: https://www.youtube.com/watch?v=gh7MYucajmA | Status: success
[3:06:11 AM] | User: taqin2731 | Link: https://www.youtube.com/watch?v=1Q7sbuPvLic | Status: success
[3:07:26 AM] | User: taqin2731 | Link: https://www.youtube.com/watch?v=lkot2OirLd0&t=106s | Status: success
[3:08:34 AM] | User: taqin2731 | Link: https://www.youtube.com/watch?v=i45ot8pp9xw | Status: success
[3:09:43 AM] | User: taqin2731 | Link: https://www.youtube.com/watch?v=AW3DlzCBnSw&t=102s | Status: success
[3:10:50 AM] | User: taqin2731 | Link: https://www.youtube.com/watch?v=ijX90_ET_t0&t=101s | Status: success
[3:12:05 AM] | User: taqin2731 | Link: https://www.youtube.com/watch?v=52FBxPWFHVw | Status: success
[3:13:26 AM] | User: taqin2731 | Link: https://www.youtube.com/watch?v=w8wUbRyMq_c | Status: success
[3:14:39 AM] | User: taqin2731 | Link: https://www.youtube.com/watch?v=aN3-Py4FV3Q | Status: success
[3:15:38 AM] | User: taqin2731 | Link: https://www.youtube.com/watch?v=rsgErf3qaAI | Status: success
[3:16:49 AM] | User: taqin2731 | Link: https://www.youtube.com/watch?v=tqniiak9uss | Status: success
[3:17:56 AM] | User: taqin2731 | Link: https://www.youtube.com/watch?v=SzjnJRMv-M8 | Status: success
[3:18:56 AM] | User: taqin2731 | Link: https://www.youtube.com/watch?v=2u5ILxoxAvA | Status: success
[3:19:54 AM] | User: taqin2731 | Link: https://www.youtube.com/watch?v=5OkfGl587B0 | Status: success
[3:21:11 AM] | User: taqin2731 | Link: https://www.youtube.com/watch?v=yS3mgX4sKtE | Status: success
[3:22:28 AM] | User: taqin2731 | Link: https://www.youtube.com/watch?v=lkot2OirLd0&t=106s | Status: success
[3:23:35 AM] | User: taqin2731 | Link: https://www.youtube.com/watch?v=5IZXUdAHClk&t=97s | Status: success
[3:24:51 AM] | User: taqin2731 | Link: https://www.youtube.com/watch?v=jkYvncE5HEQ | Status: success
[3:25:53 AM] | User: taqin2731 | Link: https://www.youtube.com/watch?v=z4k1v4wa0cA | Status: success
[3:27:09 AM] | User: taqin2731 | Link: https://www.youtube.com/watch?v=DxnRvrvSsHI | Status: success
[3:28:19 AM] | User: taqin2731 | Link: https://www.youtube.com/watch?v=xhml7pRoQBI | Status: success
[3:29:23 AM] | User: taqin2731 | Link: https://www.youtube.com/watch?v=GAyjsXkv57A | Status: success
[3:30:42 AM] | User: taqin2731 | Link: https://www.youtube.com/watch?v=1PwJsn-3XUk | Status: success
[3:31:59 AM] | User: taqin2731 | Link: https://www.youtube.com/watch?v=2F79BkFUQbE | Status: success
[3:33:00 AM] | User: taqin2731 | Link: https://www.youtube.com/watch?v=sCxWGlIwZ2k | Status: success
[3:34:08 AM] | User: taqin2731 | Link: https://www.youtube.com/watch?v=UbWERZkX2Po | Status: success
[3:35:22 AM] | User: taqin2731 | Link: https://www.youtube.com/watch?v=5IZXUdAHClk&t=97s | Status: success
[3:36:34 AM] | User: taqin2731 | Link: https://www.youtube.com/watch?v=zzKV_T9ybe8 | Status: success
[3:37:49 AM] | User: taqin2731 | Link: https://www.youtube.com/watch?v=yS3mgX4sKtE | Status: success
[3:39:00 AM] | User: taqin2731 | Link: https://www.youtube.com/watch?v=8DwZmgg9eLc | Status: success
[3:40:09 AM] | User: taqin2731 | Link: https://www.youtube.com/watch?v=9knaYD8q3LE | Status: success
[3:41:13 AM] | User: taqin2731 | Link: https://www.youtube.com/watch?v=61hR9LItvc8 | Status: success
[3:42:32 AM] | User: taqin2731 | Link: https://www.youtube.com/watch?v=o3WLScxxtSM | Status: success
[3:43:43 AM] | User: taqin2731 | Link: https://www.youtube.com/watch?v=UbWERZkX2Po | Status: success
[3:44:58 AM] | User: taqin2731 | Link: https://www.youtube.com/watch?v=xi1YS_HfNyY | Status: success
[3:46:06 AM] | User: taqin2731 | Link: https://www.youtube.com/watch?v=SzjnJRMv-M8 | Status: success
[3:47:11 AM] | User: taqin2731 | Link: https://www.youtube.com/watch?v=GAyjsXkv57A | Status: success
[3:48:22 AM] | User: taqin2731 | Link: https://www.youtube.com/watch?v=s9spH_G2yFQ | Status: success
[3:49:24 AM] | User: taqin2731 | Link: https://www.youtube.com/watch?v=E2uu9bAKYMY | Status: success
[3:50:28 AM] | User: taqin2731 | Link: https://www.youtube.com/watch?v=52FBxPWFHVw | Status: success
[3:51:44 AM] | User: taqin2731 | Link: https://www.youtube.com/watch?v=T6sMdGFQDuI | Status: success
[3:52:47 AM] | User: taqin2731 | Link: https://www.youtube.com/watch?v=zwzDQJJhOec | Status: success
[3:54:04 AM] | User: taqin2731 | Link: https://www.youtube.com/watch?v=6VMVRdEIHjw | Status: success
[3:55:19 AM] | User: taqin2731 | Link: https://www.youtube.com/watch?v=iibANM1SeCs | Status: success
[3:56:37 AM] | User: taqin2731 | Link: https://www.youtube.com/watch?v=9gSGZbt8RnU | Status: success
[3:57:49 AM] | User: taqin2731 | Link: https://www.youtube.com/watch?v=cDiUP3qcGmk | Status: success
[3:59:04 AM] | User: taqin2731 | Link: https://www.youtube.com/watch?v=AW3DlzCBnSw&t=102s | Status: success
[4:00:18 AM] | User: taqin2731 | Link: https://www.youtube.com/watch?v=jkYvncE5HEQ | Status: success
[4:01:39 AM] | User: taqin2731 | Link: https://www.youtube.com/watch?v=2F79BkFUQbE | Status: success
[4:02:40 AM] | User: taqin2731 | Link: https://www.youtube.com/watch?v=RSYAoZ48GPE | Status: success
[4:03:50 AM] | User: taqin2731 | Link: https://www.youtube.com/watch?v=6PZdm6XWK6A | Status: success
[4:04:54 AM] | User: taqin2731 | Link: https://www.youtube.com/watch?v=duwTt1W7Ak8 | Status: success
[4:06:01 AM] | User: taqin2731 | Link: https://www.youtube.com/watch?v=gghp-RkSiRg | Status: success
[4:07:15 AM] | User: taqin2731 | Link: https://www.youtube.com/watch?v=o3WLScxxtSM | Status: success
[4:08:28 AM] | User: taqin2731 | Link: https://www.youtube.com/watch?v=eypk5giRcsY | Status: success
[4:09:30 AM] | User: taqin2731 | Link: https://www.youtube.com/watch?v=UXD1nsdlzE4 | Status: success
[4:10:45 AM] | User: taqin2731 | Link: https://www.youtube.com/watch?v=DCd5S-iWFCg | Status: success
[4:11:57 AM] | User: taqin2731 | Link: https://www.youtube.com/watch?v=nf_9S25vf1U | Status: success
[4:13:06 AM] | User: taqin2731 | Link: https://www.youtube.com/watch?v=v139-ILvsh4 | Status: success
[4:14:23 AM] | User: taqin2731 | Link: https://www.youtube.com/watch?v=iibANM1SeCs | Status: success
[4:15:24 AM] | User: taqin2731 | Link: https://www.youtube.com/watch?v=uOHenh8GvI4 | Status: success
[4:16:25 AM] | User: taqin2731 | Link: https://www.youtube.com/watch?v=8xaJJoaY8Ek | Status: success
[4:17:41 AM] | User: taqin2731 | Link: https://www.youtube.com/watch?v=xhml7pRoQBI | Status: success
[4:18:46 AM] | User: taqin2731 | Link: https://www.youtube.com/watch?v=kyRYb2HX4Lc | Status: success
[4:20:17 AM] | User: taqin2731 | Link: https://www.youtube.com/watch?v=1PwJsn-3XUk | Status: success
[4:21:30 AM] | User: taqin2731 | Link: https://www.youtube.com/watch?v=6PZdm6XWK6A | Status: success
[4:22:33 AM] | User: taqin2731 | Link: https://www.youtube.com/watch?v=tS6xNBy2RQ0 | Status: success
[4:23:46 AM] | User: taqin2731 | Link: https://www.youtube.com/watch?v=8DwZmgg9eLc | Status: success
[4:25:04 AM] | User: taqin2731 | Link: https://www.youtube.com/watch?v=Rg6Q3YYMYao | Status: success
[4:26:16 AM] | User: taqin2731 | Link: https://www.youtube.com/watch?v=mKGtm_0SG-w | Status: success
[4:27:20 AM] | User: taqin2731 | Link: https://www.youtube.com/watch?v=61hR9LItvc8 | Status: success
[4:28:30 AM] | User: taqin2731 | Link: https://www.youtube.com/watch?v=s9spH_G2yFQ | Status: success
[4:29:43 AM] | User: taqin2731 | Link: https://www.youtube.com/watch?v=bxjVElFVKyg | Status: success
[4:30:57 AM] | User: taqin2731 | Link: https://www.youtube.com/watch?v=d8Zj4Qlb11Q | Status: success
[4:32:01 AM] | User: taqin2731 | Link: https://www.youtube.com/watch?v=zwzDQJJhOec | Status: success
[4:32:59 AM] | User: taqin2731 | Link: https://www.youtube.com/watch?v=bwcstIUKhLU | Status: success
[4:34:19 AM] | User: taqin2731 | Link: https://www.youtube.com/watch?v=JapDhsVCZVE | Status: success
[4:35:36 AM] | User: taqin2731 | Link: https://www.youtube.com/watch?v=kE7j-Qnwpfk | Status: success
[4:36:50 AM] | User: taqin2731 | Link: https://www.youtube.com/watch?v=mKGtm_0SG-w | Status: success
[4:38:09 AM] | User: taqin2731 | Link: https://www.youtube.com/watch?v=z4k1v4wa0cA&t=60s | Status: success
[4:39:23 AM] | User: taqin2731 | Link: https://www.youtube.com/watch?v=lkot2OirLd0&t=180s | Status: success
[4:40:25 AM] | User: taqin2731 | Link: https://www.youtube.com/watch?v=8xaJJoaY8Ek&t=59s | Status: success
[4:41:28 AM] | User: taqin2731 | Link: https://www.youtube.com/watch?v=8NuLFdwizOo&t=60s | Status: success
[4:42:32 AM] | User: taqin2731 | Link: https://www.youtube.com/watch?v=61hR9LItvc8&t=61s | Status: success
[4:43:50 AM] | User: taqin2731 | Link: https://www.youtube.com/watch?v=jkYvncE5HEQ&t=71s | Status: success
[4:45:03 AM] | User: taqin2731 | Link: https://www.youtube.com/watch?v=zzKV_T9ybe8 | Status: success
[4:46:14 AM] | User: taqin2731 | Link: https://www.youtube.com/watch?v=52FBxPWFHVw&t=61s | Status: success
[4:47:25 AM] | User: taqin2731 | Link: https://www.youtube.com/watch?v=lkot2OirLd0&t=180s | Status: success
[4:48:29 AM] | User: taqin2731 | Link: https://www.youtube.com/watch?v=zwzDQJJhOec&t=61s | Status: success
[4:49:40 AM] | User: taqin2731 | Link: https://www.youtube.com/watch?v=UbWERZkX2Po | Status: success
[4:50:43 AM] | User: taqin2731 | Link: https://www.youtube.com/watch?v=uOHenh8GvI4&t=58s | Status: success
[4:51:59 AM] | User: taqin2731 | Link: https://www.youtube.com/watch?v=d8Zj4Qlb11Q | Status: success
[4:53:22 AM] | User: taqin2731 | Link: https://www.youtube.com/watch?v=w8wUbRyMq_c | Status: success
[4:54:25 AM] | User: taqin2731 | Link: https://www.youtube.com/watch?v=2u5ILxoxAvA&t=57s | Status: success
[4:55:47 AM] | User: taqin2731 | Link: https://www.youtube.com/watch?v=1PwJsn-3XUk | Status: success
[4:56:51 AM] | User: taqin2731 | Link: https://www.youtube.com/watch?v=Gyzmo8ZPp30&t=52s | Status: success
[4:58:03 AM] | User: taqin2731 | Link: https://www.youtube.com/watch?v=AW3DlzCBnSw&t=174s | Status: success
[4:59:16 AM] | User: taqin2731 | Link: https://www.youtube.com/watch?v=Rg6Q3YYMYao&t=75s | Status: success
[5:00:30 AM] | User: taqin2731 | Link: https://www.youtube.com/watch?v=1Q7sbuPvLic&t=73s | Status: success
[5:01:42 AM] | User: taqin2731 | Link: https://www.youtube.com/watch?v=2F79BkFUQbE&t=77s | Status: success
[5:02:55 AM] | User: taqin2731 | Link: https://www.youtube.com/watch?v=iibANM1SeCs&t=74s | Status: success
[5:04:10 AM] | User: taqin2731 | Link: https://www.youtube.com/watch?v=8DwZmgg9eLc&t=70s | Status: success
[5:05:19 AM] | User: taqin2731 | Link: https://www.youtube.com/watch?v=xi1YS_HfNyY | Status: success
[5:06:32 AM] | User: taqin2731 | Link: https://www.youtube.com/watch?v=AW3DlzCBnSw&t=174s | Status: success
[5:07:46 AM] | User: taqin2731 | Link: https://www.youtube.com/watch?v=o3WLScxxtSM | Status: success
[5:08:50 AM] | User: taqin2731 | Link: https://www.youtube.com/watch?v=kyRYb2HX4Lc&t=62s | Status: success
[5:09:52 AM] | User: taqin2731 | Link: https://www.youtube.com/watch?v=duwTt1W7Ak8&t=61s | Status: success
[5:10:54 AM] | User: taqin2731 | Link: https://www.youtube.com/watch?v=_YK9X0p5asY&t=66s | Status: success
[5:12:04 AM] | User: taqin2731 | Link: https://www.youtube.com/watch?v=6PZdm6XWK6A&t=70s | Status: success
[5:13:03 AM] | User: taqin2731 | Link: https://www.youtube.com/watch?v=RSYAoZ48GPE&t=58s | Status: success
[5:14:18 AM] | User: taqin2731 | Link: https://www.youtube.com/watch?v=6VMVRdEIHjw | Status: success
[5:15:21 AM] | User: taqin2731 | Link: https://www.youtube.com/watch?v=GAyjsXkv57A&t=62s | Status: success
[5:16:32 AM] | User: taqin2731 | Link: https://www.youtube.com/watch?v=yS3mgX4sKtE&t=72s | Status: success
[5:17:36 AM] | User: taqin2731 | Link: https://www.youtube.com/watch?v=5OkfGl587B0&t=56s | Status: success
[5:18:46 AM] | User: taqin2731 | Link: https://www.youtube.com/watch?v=5IZXUdAHClk&t=167s | Status: success
[5:20:04 AM] | User: taqin2731 | Link: https://www.youtube.com/watch?v=JapDhsVCZVE&t=78s | Status: success
[5:21:11 AM] | User: taqin2731 | Link: https://www.youtube.com/watch?v=6PZdm6XWK6A&t=70s | Status: success
[5:22:09 AM] | User: taqin2731 | Link: https://www.youtube.com/watch?v=tS6xNBy2RQ0&t=60s | Status: success
[5:23:18 AM] | User: taqin2731 | Link: https://www.youtube.com/watch?v=s9spH_G2yFQ&t=67s | Status: success
[5:24:26 AM] | User: taqin2731 | Link: https://www.youtube.com/watch?v=8xaJJoaY8Ek&t=59s | Status: success
[5:25:48 AM] | User: taqin2731 | Link: https://www.youtube.com/watch?v=gh7MYucajmA | Status: success
[5:27:00 AM] | User: taqin2731 | Link: https://www.youtube.com/watch?v=eypk5giRcsY | Status: success
[5:27:57 AM] | User: taqin2731 | Link: https://www.youtube.com/watch?v=rsgErf3qaAI&t=56s | Status: success
[5:29:00 AM] | User: taqin2731 | Link: https://www.youtube.com/watch?v=mKGtm_0SG-w&t=70s | Status: success
[5:30:10 AM] | User: taqin2731 | Link: https://www.youtube.com/watch?v=3vrEFE6VZxI&t=57s | Status: success
[5:31:23 AM] | User: taqin2731 | Link: https://www.youtube.com/watch?v=jkYvncE5HEQ&t=71s | Status: success
[5:32:37 AM] | User: taqin2731 | Link: https://www.youtube.com/watch?v=xhml7pRoQBI&t=73s | Status: success
[5:33:46 AM] | User: taqin2731 | Link: https://www.youtube.com/watch?v=lvNqyo9lkVo&t=72s | Status: success
[5:34:41 AM] | User: taqin2731 | Link: https://www.youtube.com/watch?v=bwcstIUKhLU&t=55s | Status: success
[5:35:48 AM] | User: taqin2731 | Link: https://www.youtube.com/watch?v=9gSGZbt8RnU&t=75s | Status: success
[5:36:50 AM] | User: taqin2731 | Link: https://www.youtube.com/watch?v=sCxWGlIwZ2k | Status: success
[5:37:54 AM] | User: taqin2731 | Link: https://www.youtube.com/watch?v=UXD1nsdlzE4&t=59s | Status: success
